0 info it worked if it ends with ok
1 verbose cli [ '/usr/local/bin/node', '/usr/local/bin/npm', 'start' ]
2 info using npm@3.10.10
3 info using node@v6.11.2
4 verbose run-script [ 'prestart', 'start', 'poststart' ]
5 info lifecycle indepstudy@1.0.0~prestart: indepstudy@1.0.0
6 verbose lifecycle indepstudy@1.0.0~prestart: unsafe-perm in lifecycle true
7 verbose lifecycle indepstudy@1.0.0~prestart: PATH: /usr/local/lib/node_modules/npm/bin/node-gyp-bin:/Users/jamesfulweber/Programming/buddesystem/node_modules/.bin:/usr/local/bin:/usr/bin:/bin:/usr/sbin:/sbin:/opt/X11/bin:/Library/Frameworks/Mono.framework/Versions/Current/Commands:/Applications/Wireshark.app/Contents/MacOS
8 verbose lifecycle indepstudy@1.0.0~prestart: CWD: /Users/jamesfulweber/Programming/buddesystem
9 silly lifecycle indepstudy@1.0.0~prestart: Args: [ '-c', 'webpack' ]
10 silly lifecycle indepstudy@1.0.0~prestart: Returned: code: 0  signal: null
11 info lifecycle indepstudy@1.0.0~start: indepstudy@1.0.0
12 verbose lifecycle indepstudy@1.0.0~start: unsafe-perm in lifecycle true
13 verbose lifecycle indepstudy@1.0.0~start: PATH: /usr/local/lib/node_modules/npm/bin/node-gyp-bin:/Users/jamesfulweber/Programming/buddesystem/node_modules/.bin:/usr/local/bin:/usr/bin:/bin:/usr/sbin:/sbin:/opt/X11/bin:/Library/Frameworks/Mono.framework/Versions/Current/Commands:/Applications/Wireshark.app/Contents/MacOS
14 verbose lifecycle indepstudy@1.0.0~start: CWD: /Users/jamesfulweber/Programming/buddesystem
15 silly lifecycle indepstudy@1.0.0~start: Args: [ '-c', 'babel-node .\\src\\server\\server.js' ]
16 silly lifecycle indepstudy@1.0.0~start: Returned: code: 1  signal: null
17 info lifecycle indepstudy@1.0.0~start: Failed to exec start script
18 verbose stack Error: indepstudy@1.0.0 start: `babel-node .\src\server\server.js`
18 verbose stack Exit status 1
18 verbose stack     at EventEmitter.<anonymous> (/usr/local/lib/node_modules/npm/lib/utils/lifecycle.js:255:16)
18 verbose stack     at emitTwo (events.js:106:13)
18 verbose stack     at EventEmitter.emit (events.js:191:7)
18 verbose stack     at ChildProcess.<anonymous> (/usr/local/lib/node_modules/npm/lib/utils/spawn.js:40:14)
18 verbose stack     at emitTwo (events.js:106:13)
18 verbose stack     at ChildProcess.emit (events.js:191:7)
18 verbose stack     at maybeClose (internal/child_process.js:891:16)
18 verbose stack     at Process.ChildProcess._handle.onexit (internal/child_process.js:226:5)
19 verbose pkgid indepstudy@1.0.0
20 verbose cwd /Users/jamesfulweber/Programming/buddesystem
21 error Darwin 16.7.0
22 error argv "/usr/local/bin/node" "/usr/local/bin/npm" "start"
23 error node v6.11.2
24 error npm  v3.10.10
25 error code ELIFECYCLE
26 error indepstudy@1.0.0 start: `babel-node .\src\server\server.js`
26 error Exit status 1
27 error Failed at the indepstudy@1.0.0 start script 'babel-node .\src\server\server.js'.
27 error Make sure you have the latest version of node.js and npm installed.
27 error If you do, this is most likely a problem with the indepstudy package,
27 error not with npm itself.
27 error Tell the author that this fails on your system:
27 error     babel-node .\src\server\server.js
27 error You can get information on how to open an issue for this project with:
27 error     npm bugs indepstudy
27 error Or if that isn't available, you can get their info via:
27 error     npm owner ls indepstudy
27 error There is likely additional logging output above.
28 verbose exit [ 1, true ]
